<?xml version="1.0" encoding="UTF-8"?>
<testsuite xmlns:xsi="http://www.w3.org/2001/XMLSchema-instance" xsi:noNamespaceSchemaLocation="https://maven.apache.org/surefire/maven-surefire-plugin/xsd/surefire-test-report.xsd" version="3.0.2" name="com.example.jialechatweb.user.UserServiceTest" time="0.275" tests="1" errors="0" skipped="0" failures="0">
  <properties>
[...]
</properties>
  <testcase name="registerAndFind" classname="com.example.jialechatweb.user.UserServiceTest" time="0.212">
    <system-out><![CDATA[2026-02-25T20:40:00.428+08:00 DEBUG 35072 --- [JiaLe-ChatWeb-Test] [           main] c.e.jialechatweb.user.UserMapper.insert  : ==>  Preparing: INSERT INTO users(username, email, password_hash, display_name, avatar_url, created_at) VALUES(?, ?, ?, ?, ?, NOW())
2026-02-25T20:40:00.429+08:00 DEBUG 35072 --- [JiaLe-ChatWeb-Test] [           main] c.e.jialechatweb.user.UserMapper.insert  : ==> Parameters: 0987654321(String), user@example.com(String), $2a$10$x1Bj6cewZcsEvS8rgl.j6.1UsA6weZIb1L1eeb/YMN60pBckBLOPi(String), Tester(String), null
2026-02-25T20:40:00.429+08:00 DEBUG 35072 --- [JiaLe-ChatWeb-Test] [           main] c.e.jialechatweb.user.UserMapper.insert  : <==    Updates: 1
2026-02-25T20:40:00.429+08:00 DEBUG 35072 --- [JiaLe-ChatWeb-Test] [           main] c.e.j.group.GroupMapper.addMember        : ==>  Preparing: INSERT IGNORE INTO group_members(group_id, user_id) VALUES(?, ?)
2026-02-25T20:40:00.431+08:00 DEBUG 35072 --- [JiaLe-ChatWeb-Test] [           main] c.e.j.group.GroupMapper.addMember        : ==> Parameters: 1(Long), 5(Long)
2026-02-25T20:40:00.434+08:00 DEBUG 35072 --- [JiaLe-ChatWeb-Test] [           main] c.example.jialechatweb.user.UserMapper   : Cache Hit Ratio [com.example.jialechatweb.user.UserMapper]: 0.2222222222222222
2026-02-25T20:40:00.434+08:00 DEBUG 35072 --- [JiaLe-ChatWeb-Test] [           main] c.e.j.user.UserMapper.findByUsername     : ==>  Preparing: SELECT id, username, email, password_hash AS passwordHash, display_name AS displayName, avatar_url AS avatarUrl, created_at AS createdAt FROM users WHERE username = ?
2026-02-25T20:40:00.436+08:00 DEBUG 35072 --- [JiaLe-ChatWeb-Test] [           main] c.e.j.user.UserMapper.findByUsername     : ==> Parameters: 0987654321(String)
2026-02-25T20:40:00.437+08:00 DEBUG 35072 --- [JiaLe-ChatWeb-Test] [           main] c.e.j.user.UserMapper.findByUsername     : <==      Total: 1
]]></system-out>
  </testcase>
</testsuite>